2025-07-03 19:35:50,815 - INFO - Starting S&P 500 standard deviation check...
2025-07-03 19:35:51,193 - INFO - ==================================================
2025-07-03 19:35:51,193 - INFO - S&P 500 Standard Deviation Analysis
2025-07-03 19:35:51,193 - INFO - ==================================================
2025-07-03 19:35:51,193 - INFO - Date: 2025-07-03
2025-07-03 19:35:51,193 - INFO - Current S&P 500 Price: $6279.35
2025-07-03 19:35:51,193 - INFO - 200-Day Moving Average: $5842.77
2025-07-03 19:35:51,193 - INFO - 200-Day Standard Deviation: $229.68
2025-07-03 19:35:51,193 - INFO - Standard Deviations from Mean: 1.90
2025-07-03 19:35:51,193 - INFO - Direction: above average
2025-07-03 19:35:51,194 - INFO - ✅ Normal: S&P 500 is within 2 standard deviations
2025-07-03 19:35:51,194 - INFO - ==================================================
2025-07-03 19:35:51,194 - INFO - Creating interactive plot...
2025-07-03 19:35:51,353 - INFO - Creating HTML dashboard...
2025-07-03 19:35:51,498 - INFO - HTML dashboard created: sp500_dashboard.html
2025-07-03 19:35:51,544 - INFO - Interactive plot saved: sp500_interactive.html
2025-07-03 19:35:51,545 - INFO - Creating static plot...
2025-07-03 19:35:52,377 - INFO - Static plot saved: sp500_analysis.png
2025-07-03 19:35:52,377 - INFO - Results saved to sp500_analysis.json
2025-07-03 19:35:52,377 - INFO - Analysis complete with visualizations.
